build/outputs/logs/manifest-merger-debug-report.txt
-- Merging decision tree log ---
manifest
ADDED from HLAndroid_SDK\AndroidManifest.xml:2:1-38:12
	xmlns:android
		ADDED from HLAndroid_SDK\AndroidManifest.xml:2:11-69
	package
		ADDED from HLAndroid_SDK\AndroidManifest.xml:3:5-41
	android:versionName
		ADDED from HLAndroid_SDK\AndroidManifest.xml:5:5-30
		INJECTED from HLAndroid_SDK\AndroidManifest.xml
		INJECTED from HLAndroid_SDK\AndroidManifest.xml
	android:versionCode
		ADDED from HLAndroid_SDK\AndroidManifest.xml:4:5-28
		INJECTED from HLAndroid_SDK\AndroidManifest.xml
		INJECTED from HLAndroid_SDK\AndroidManifest.xml
uses-sdk
ADDED from HLAndroid_SDK\AndroidManifest.xml:7:5-9:41
MERGED from [com.android.support:support-v4:23.3.0] AndroidManifest.xml:20:5-43
	android:targetSdkVersion
		ADDED from HLAndroid_SDK\AndroidManifest.xml:9:9-38
	android:minSdkVersion
		ADDED from HLAndroid_SDK\AndroidManifest.xml:8:9-35
uses-permission#android.permission.INTERNET
ADDED from HLAndroid_SDK\AndroidManifest.xml:11:2-80
	android:name
		ADDED from HLAndroid_SDK\AndroidManifest.xml:11:19-61
uses-permission#android.permission.ACCESS_NETWORK_STATE
ADDED from HLAndroid_SDK\AndroidManifest.xml:12:2-92
	android:name
		ADDED from HLAndroid_SDK\AndroidManifest.xml:12:19-73
uses-permission#android.permission.READ_PHONE_STATE
ADDED from HLAndroid_SDK\AndroidManifest.xml:13:2-88
	android:name
		ADDED from HLAndroid_SDK\AndroidManifest.xml:13:19-69
uses-permission#android.permission.WRITE_EXTERNAL_STORAGE
ADDED from HLAndroid_SDK\AndroidManifest.xml:14:2-94
	android:name
		ADDED from HLAndroid_SDK\AndroidManifest.xml:14:19-75
uses-permission#android.permission.ACCESS_COARSE_LOCATION
ADDED from HLAndroid_SDK\AndroidManifest.xml:15:2-94
	android:name
		ADDED from HLAndroid_SDK\AndroidManifest.xml:15:19-75
uses-permission#android.permission.ACCESS_FINE_LOCATION
ADDED from HLAndroid_SDK\AndroidManifest.xml:16:2-92
	android:name
		ADDED from HLAndroid_SDK\AndroidManifest.xml:16:19-73
application
ADDED from HLAndroid_SDK\AndroidManifest.xml:18:5-36:19
MERGED from [com.android.support:support-v4:23.3.0] AndroidManifest.xml:22:5-20
	android:label
		ADDED from HLAndroid_SDK\AndroidManifest.xml:22:9-41
	android:allowBackup
		ADDED from HLAndroid_SDK\AndroidManifest.xml:20:9-35
	android:icon
		ADDED from HLAndroid_SDK\AndroidManifest.xml:21:9-45
	android:theme
		ADDED from HLAndroid_SDK\AndroidManifest.xml:23:9-40
	android:name
		ADDED from HLAndroid_SDK\AndroidManifest.xml:19:9-62
activity#com.ihuilian.example.MainActivity
ADDED from HLAndroid_SDK\AndroidManifest.xml:24:9-32:20
	android:label
		ADDED from HLAndroid_SDK\AndroidManifest.xml:26:13-45
	android:name
		ADDED from HLAndroid_SDK\AndroidManifest.xml:25:13-61
intent-filter#android.intent.action.MAIN+android.intent.category.LAUNCHER
ADDED from HLAndroid_SDK\AndroidManifest.xml:28:13-31:29
action#android.intent.action.MAIN
ADDED from HLAndroid_SDK\AndroidManifest.xml:29:17-69
	android:name
		ADDED from HLAndroid_SDK\AndroidManifest.xml:29:25-66
category#android.intent.category.LAUNCHER
ADDED from HLAndroid_SDK\AndroidManifest.xml:30:17-77
	android:name
		ADDED from HLAndroid_SDK\AndroidManifest.xml:30:27-74
activity#com.ihuilian.example.TestActivity
ADDED from HLAndroid_SDK\AndroidManifest.xml:33:9-35:15
	android:name
		ADDED from HLAndroid_SDK\AndroidManifest.xml:34:13-61